  vector.c
c:\users\akshay\desktop\cmusphinx\pocketsphinx\src\libpocketsphinx\vector.c(102): warning C4244: '*=': conversion from 'float64' to 'float32', possible loss of data
  tmat.c
  s2_semi_mgau.c
  ptm_mgau.c
c:\users\akshay\desktop\cmusphinx\pocketsphinx\src\libpocketsphinx\ptm_mgau.c(843): warning C4244: '=': conversion from 'int16' to 'uint8', possible loss of data
  ps_mllr.c
  ps_lattice.c
c:\users\akshay\desktop\cmusphinx\pocketsphinx\src\libpocketsphinx\ps_lattice.c(450): warning C4244: 'initializing': conversion from 'float64' to 'float32', possible loss of data
c:\users\akshay\desktop\cmusphinx\pocketsphinx\src\libpocketsphinx\ps_lattice.c(1242): warning C4244: '+=': conversion from 'float32' to 'int32', possible loss of data
c:\users\akshay\desktop\cmusphinx\pocketsphinx\src\libpocketsphinx\ps_lattice.c(1285): warning C4244: '+=': conversion from 'float32' to 'int32', possible loss of data
c:\users\akshay\desktop\cmusphinx\pocketsphinx\src\libpocketsphinx\ps_lattice.c(1319): warning C4244: '+=': conversion from 'float32' to 'int32', possible loss of data
c:\users\akshay\desktop\cmusphinx\pocketsphinx\src\libpocketsphinx\ps_lattice.c(1322): warning C4244: '+=': conversion from 'float32' to 'int32', possible loss of data
c:\users\akshay\desktop\cmusphinx\pocketsphinx\src\libpocketsphinx\ps_lattice.c(1372): warning C4244: '+=': conversion from 'float32' to 'int32', possible loss of data
c:\users\akshay\desktop\cmusphinx\pocketsphinx\src\libpocketsphinx\ps_lattice.c(1394): warning C4244: '=': conversion from 'float32' to 'int32', possible loss of data
c:\users\akshay\desktop\cmusphinx\pocketsphinx\src\libpocketsphinx\ps_lattice.c(1431): warning C4244: '+=': conversion from 'float32' to 'int32', possible loss of data
c:\users\akshay\desktop\cmusphinx\pocketsphinx\src\libpocketsphinx\ps_lattice.c(1501): warning C4244: '=': conversion from 'float32' to 'int32', possible loss of data
c:\users\akshay\desktop\cmusphinx\pocketsphinx\src\libpocketsphinx\ps_lattice.c(1508): warning C4244: 'function': conversion from 'float32' to 'int', possible loss of data
c:\users\akshay\desktop\cmusphinx\pocketsphinx\src\libpocketsphinx\ps_lattice.c(1591): warning C4244: '+=': conversion from 'float32' to 'int32', possible loss of data
c:\users\akshay\desktop\cmusphinx\pocketsphinx\src\libpocketsphinx\ps_lattice.c(1676): warning C4244: '+=': conversion from 'float32' to 'int32', possible loss of data
c:\users\akshay\desktop\cmusphinx\pocketsphinx\src\libpocketsphinx\ps_lattice.c(1682): warning C4244: '+=': conversion from 'float32' to 'int32', possible loss of data
c:\users\akshay\desktop\cmusphinx\pocketsphinx\src\libpocketsphinx\ps_lattice.c(1753): warning C4244: '=': conversion from 'float32' to 'int32', possible loss of data
  pocketsphinx.c
c:\users\akshay\desktop\cmusphinx\pocketsphinx\src\libpocketsphinx\pocketsphinx.c(297): warning C4244: '=': conversion from 'float32' to 'int32', possible loss of data
c:\users\akshay\desktop\cmusphinx\pocketsphinx\src\libpocketsphinx\pocketsphinx.c(317): warning C4244: 'function': conversion from 'int32' to 'float32', possible loss of data
c:\users\akshay\desktop\cmusphinx\pocketsphinx\src\libpocketsphinx\pocketsphinx.c(874): warning C4267: '+=': conversion from 'size_t' to 'int32', possible loss of data
c:\users\akshay\desktop\cmusphinx\pocketsphinx\src\libpocketsphinx\pocketsphinx.c(898): warning C4267: '=': conversion from 'size_t' to 'long', possible loss of data
c:\users\akshay\desktop\cmusphinx\pocketsphinx\src\libpocketsphinx\pocketsphinx.c(908): warning C4267: '=': conversion from 'size_t' to 'long', possible loss of data
c:\users\akshay\desktop\cmusphinx\pocketsphinx\src\libpocketsphinx\pocketsphinx.c(920): warning C4267: '+=': conversion from 'size_t' to 'long', possible loss of data
  phone_loop_search.c
c:\users\akshay\desktop\cmusphinx\pocketsphinx\src\libpocketsphinx\phone_loop_search.c(230): warning C4244: '=': conversion from 'float64' to 'int32', possible loss of data
  ngram_search_fwdtree.c
  ngram_search_fwdflat.c
c:\users\akshay\desktop\cmusphinx\pocketsphinx\src\libpocketsphinx\ngram_search_fwdflat.c(709): warning C4244: '+=': conversion from 'float32' to 'int32', possible loss of data
  ngram_search.c
c:\users\akshay\desktop\cmusphinx\pocketsphinx\src\libpocketsphinx\ngram_search.c(93): warning C4090: 'function': different 'const' qualifiers
c:\users\akshay\desktop\cmusphinx\pocketsphinx\src\libpocketsphinx\ngram_search.c(136): warning C4244: '=': conversion from 'double' to 'float32', possible loss of data
c:\users\akshay\desktop\cmusphinx\pocketsphinx\src\libpocketsphinx\ngram_search.c(721): warning C4244: '=': conversion from 'float32' to 'int32', possible loss of data
c:\users\akshay\desktop\cmusphinx\pocketsphinx\src\libpocketsphinx\ngram_search.c(1041): warning C4244: 'function': conversion from 'double' to 'float32', possible loss of data
c:\users\akshay\desktop\cmusphinx\pocketsphinx\src\libpocketsphinx\ngram_search.c(1186): warning C4244: '=': conversion from 'float32' to 'int32', possible loss of data
c:\users\akshay\desktop\cmusphinx\pocketsphinx\src\libpocketsphinx\ngram_search.c(1242): warning C4244: '=': conversion from 'double' to 'float', possible loss of data
  ms_senone.c
c:\users\akshay\desktop\cmusphinx\pocketsphinx\src\libpocketsphinx\ms_senone.c(118): warning C4018: '<': signed/unsigned mismatch
c:\users\akshay\desktop\cmusphinx\pocketsphinx\src\libpocketsphinx\ms_senone.c(224): warning C4018: '<': signed/unsigned mismatch
c:\users\akshay\desktop\cmusphinx\pocketsphinx\src\libpocketsphinx\ms_senone.c(225): warning C4018: '<': signed/unsigned mismatch
c:\users\akshay\desktop\cmusphinx\pocketsphinx\src\libpocketsphinx\ms_senone.c(240): warning C4018: '<': signed/unsigned mismatch
c:\users\akshay\desktop\cmusphinx\pocketsphinx\src\libpocketsphinx\ms_senone.c(314): warning C4018: '<': signed/unsigned mismatch
c:\users\akshay\desktop\cmusphinx\pocketsphinx\src\libpocketsphinx\ms_senone.c(325): warning C4018: '<': signed/unsigned mismatch
c:\users\akshay\desktop\cmusphinx\pocketsphinx\src\libpocketsphinx\ms_senone.c(371): warning C4018: '<': signed/unsigned mismatch
c:\users\akshay\desktop\cmusphinx\pocketsphinx\src\libpocketsphinx\ms_senone.c(372): warning C4018: '<=': signed/unsigned mismatch
c:\users\akshay\desktop\cmusphinx\pocketsphinx\src\libpocketsphinx\ms_senone.c(376): warning C4018: '<': signed/unsigned mismatch
  ms_mgau.c
c:\users\akshay\desktop\cmusphinx\pocketsphinx\src\libpocketsphinx\ms_mgau.c(136): warning C4018: '>': signed/unsigned mismatch
c:\users\akshay\desktop\cmusphinx\pocketsphinx\src\libpocketsphinx\ms_mgau.c(139): warning C4018: '<': signed/unsigned mismatch
c:\users\akshay\desktop\cmusphinx\pocketsphinx\src\libpocketsphinx\ms_mgau.c(219): warning C4018: '<': signed/unsigned mismatch
c:\users\akshay\desktop\cmusphinx\pocketsphinx\src\libpocketsphinx\ms_mgau.c(227): warning C4018: '<': signed/unsigned mismatch
  ms_gauden.c
  mdef.c
c:\users\akshay\desktop\cmusphinx\pocketsphinx\src\libpocketsphinx\mdef.c(108): warning C4312: 'type cast': conversion from 'long' to 'void *' of greater size
c:\users\akshay\desktop\cmusphinx\pocketsphinx\src\libpocketsphinx\mdef.c(363): warning C4244: 'function': conversion from '__int64' to 'long', possible loss of data
c:\users\akshay\desktop\cmusphinx\pocketsphinx\src\libpocketsphinx\mdef.c(437): warning C4244: 'function': conversion from '__int64' to 'long', possible loss of data
c:\users\akshay\desktop\cmusphinx\pocketsphinx\src\libpocketsphinx\mdef.c(461): warning C4312: 'type cast': conversion from 'long' to 'void *' of greater size
c:\users\akshay\desktop\cmusphinx\pocketsphinx\src\libpocketsphinx\mdef.c(461): warning C4311: 'type cast': pointer truncation from 'void *' to 'long'
c:\users\akshay\desktop\cmusphinx\pocketsphinx\src\libpocketsphinx\mdef.c(475): warning C4311: 'type cast': pointer truncation from 'void *' to 'long'
  kws_search.c
c:\users\akshay\desktop\cmusphinx\pocketsphinx\src\libpocketsphinx\kws_search.c(690): warning C4267: '+=': conversion from 'size_t' to 'int', possible loss of data
c:\users\akshay\desktop\cmusphinx\pocketsphinx\src\libpocketsphinx\kws_search.c(697): warning C4267: '+=': conversion from 'size_t' to 'int', possible loss of data
  kws_detections.c
c:\users\akshay\desktop\cmusphinx\pocketsphinx\src\libpocketsphinx\kws_detections.c(95): warning C4267: '+=': conversion from 'size_t' to 'int', possible loss of data
  hmm.c
  fsg_search.c
c:\users\akshay\desktop\cmusphinx\pocketsphinx\src\libpocketsphinx\fsg_search.c(214): warning C4244: '=': conversion from 'float32' to 'int32', possible loss of data
c:\users\akshay\desktop\cmusphinx\pocketsphinx\src\libpocketsphinx\fsg_search.c(223): warning C4244: '=': conversion from 'double' to 'float32', possible loss of data
  fsg_lextree.c
  Generating Code...
  Compiling...
  fsg_history.c
  dict2pid.c
  dict.c
c:\users\akshay\desktop\cmusphinx\pocketsphinx\src\libpocketsphinx\dict.c(125): warning C4312: 'type cast': conversion from 'long' to 'void *' of greater size
c:\users\akshay\desktop\cmusphinx\pocketsphinx\src\libpocketsphinx\dict.c(125): warning C4311: 'type cast': pointer truncation from 'void *' to 'long'
c:\users\akshay\desktop\cmusphinx\pocketsphinx\src\libpocketsphinx\dict.c(236): warning C4267: '+=': conversion from 'size_t' to 'int', possible loss of data
c:\users\akshay\desktop\cmusphinx\pocketsphinx\src\libpocketsphinx\dict.c(446): warning C4267: '=': conversion from 'size_t' to 'int32', possible loss of data
  blkarray_list.c
  bin_mdef.c
c:\users\akshay\desktop\cmusphinx\pocketsphinx\src\libpocketsphinx\bin_mdef.c(123): warning C4267: '+=': conversion from 'size_t' to 'int', possible loss of data
c:\users\akshay\desktop\cmusphinx\pocketsphinx\src\libpocketsphinx\bin_mdef.c(148): warning C4244: '=': conversion from 'int16' to 'uint8', possible loss of data
c:\users\akshay\desktop\cmusphinx\pocketsphinx\src\libpocketsphinx\bin_mdef.c(149): warning C4244: '=': conversion from 'int16' to 'uint8', possible loss of data
c:\users\akshay\desktop\cmusphinx\pocketsphinx\src\libpocketsphinx\bin_mdef.c(150): warning C4244: '=': conversion from 'int16' to 'uint8', possible loss of data
  allphone_search.c
c:\users\akshay\desktop\cmusphinx\pocketsphinx\src\libpocketsphinx\allphone_search.c(542): warning C4244: '=': conversion from 'float32' to 'int32', possible loss of data
c:\users\akshay\desktop\cmusphinx\pocketsphinx\src\libpocketsphinx\allphone_search.c(601): warning C4244: '=': conversion from 'double' to 'float32', possible loss of data
  acmod.c
c:\users\akshay\desktop\cmusphinx\pocketsphinx\src\libpocketsphinx\acmod.c(186): warning C4244: '=': conversion from 'double' to 'mfcc_t', possible loss of data
c:\users\akshay\desktop\cmusphinx\pocketsphinx\src\libpocketsphinx\acmod.c(191): warning C4244: '=': conversion from 'double' to 'mfcc_t', possible loss of data
c:\users\akshay\desktop\cmusphinx\pocketsphinx\src\libpocketsphinx\acmod.c(542): warning C4267: '+=': conversion from 'size_t' to 'int32', possible loss of data
c:\users\akshay\desktop\cmusphinx\pocketsphinx\src\libpocketsphinx\acmod.c(642): warning C4244: '=': conversion from '__int64' to 'int32', possible loss of data
c:\users\akshay\desktop\cmusphinx\pocketsphinx\src\libpocketsphinx\acmod.c(679): warning C4244: '=': conversion from '__int64' to 'int32', possible loss of data
  Generating Code...
     Creating library ..\..\bin\Debug\x64/pocketsphinx.lib and object ..\..\bin\Debug\x64/pocketsphinx.exp
  pocketsphinx.vcxproj -> C:\Users\Akshay\Desktop\CMUSphinx\pocketsphinx\\bin\Debug\x64\pocketsphinx.dll
